                           REG vs TRANSREG Model Fits                          1
                               PROC REG Model Fit
                                                 08:30 Friday, November 27, 2015

                              The Mixed Procedure

                               Model Information

             Data Set                     WORK.REG                 
             Dependent Variable           rumenph                  
             Covariance Structure         Unstructured             
             Subject Effect               animal*day               
             Estimation Method            REML                     
             Residual Variance Method     Profile                  
             Fixed Effects SE Method      Model-Based              
             Degrees of Freedom Method    Containment              


                            Class Level Information
 
               Class     Levels    Values

               animal         4    52 64 138 183                 
               day           15    1 2 3 4 5 6 7 8 9 10 11 12 13 
                                   14 15                         
               silage         5    12 20 30 40 50                


                                  Dimensions

                      Covariance Parameters            22
                      Columns in X                     11
                      Columns in Z Per Subject          6
                      Subjects                         57
                      Max Obs Per Subject             288


                            Number of Observations

                  Number of Observations Read           16416
                  Number of Observations Used           16304
                  Number of Observations Not Used         112


                        Covariance Parameter Estimates
 
                                            Standard         Z
     Cov Parm     Subject       Estimate       Error     Value        Pr Z

     UN(1,1)      animal*day      4.8204      0.9552      5.05      <.0001
     UN(2,1)      animal*day     -0.8002      0.5959     -1.34      0.1793
     UN(2,2)      animal*day      3.3126      0.8695      3.81      <.0001
     UN(3,1)      animal*day     0.08457      0.5741      0.15      0.8829
     UN(3,2)      animal*day     -3.1910      0.8506     -3.75      0.0002
     UN(3,3)      animal*day      3.1760      0.8404      3.78      <.0001
     UN(4,1)      animal*day     -0.1572     0.08659     -1.82      0.0694
     UN(4,2)      animal*day      0.2436     0.08419      2.89      0.0038
     UN(4,3)      animal*day     -0.2181     0.08176     -2.67      0.0076
     UN(4,4)      animal*day     0.07335     0.01547      4.74      <.0001
     UN(5,1)      animal*day    0.001290     0.03786      0.03      0.9728
                           REG vs TRANSREG Model Fits                          2
                               PROC REG Model Fit
                                                 08:30 Friday, November 27, 2015

                              The Mixed Procedure

                        Covariance Parameter Estimates
 
                                            Standard         Z
     Cov Parm     Subject       Estimate       Error     Value        Pr Z

     UN(5,2)      animal*day    -0.08808     0.03998     -2.20      0.0276
     UN(5,3)      animal*day     0.08792     0.03931      2.24      0.0253
     UN(5,4)      animal*day    -0.00076    0.005745     -0.13      0.8943
     UN(5,5)      animal*day    0.006775    0.003279      2.07      0.0194
     UN(6,1)      animal*day    -0.04444     0.04667     -0.95      0.3409
     UN(6,2)      animal*day     0.04942     0.04388      1.13      0.2601
     UN(6,3)      animal*day    -0.04192     0.04294     -0.98      0.3290
     UN(6,4)      animal*day     0.01639    0.006951      2.36      0.0184
     UN(6,5)      animal*day    0.004331    0.002922      1.48      0.1382
     UN(6,6)      animal*day     0.01543    0.005054      3.05      0.0011
     Residual                    0.01759    0.000197     89.25      <.0001


                                Fit Statistics

                     -2 Res Log Likelihood        -18636.3
                     AIC (smaller is better)      -18592.3
                     AICC (smaller is better)     -18592.2
                     BIC (smaller is better)      -18547.3


                        Null Model Likelihood Ratio Test
 
                          DF    Chi-Square      Pr > ChiSq

                          21       8895.34          <.0001


                              Information Criteria
 
  Neg2LogLike    Parms        AIC       AICC       HQIC        BIC       CAIC

       -18636       22     -18592     -18592     -18575     -18547     -18525


                           Solution for Fixed Effects
 
                                      Standard
   Effect       silage    Estimate       Error      DF    t Value    Pr > |t|

   Intercept                1.1668      0.2917      52       4.00      0.0002
   reticph                  0.1346     0.01321    16E3      10.19      <.0001
   lag1p                    0.6967     0.04515      56      15.43      <.0001
   lag2r                    0.1947     0.03498      56       5.57      <.0001
   lag7r                   0.09301     0.01678      56       5.54      <.0001
   lag9r                   0.08186     0.02090      56       3.92      0.0002
   silage       12         -0.3239     0.04471    16E3      -7.24      <.0001
   silage       20         -0.2375     0.04147    16E3      -5.73      <.0001
   silage       30         -0.2220     0.04135    16E3      -5.37      <.0001
                           REG vs TRANSREG Model Fits                          3
                               PROC REG Model Fit
                                                 08:30 Friday, November 27, 2015

                              The Mixed Procedure

                           Solution for Fixed Effects
 
                                      Standard
   Effect       silage    Estimate       Error      DF    t Value    Pr > |t|

   silage       40         -0.1881     0.04118    16E3      -4.57      <.0001
   silage       50               0           .       .        .         .    


                         Type 3 Tests of Fixed Effects
 
                               Num     Den
                 Effect         DF      DF    F Value    Pr > F

                 reticph         1    16E3     103.79    <.0001
                 lag1p           1      56     238.17    <.0001
                 lag2r           1      56      30.98    <.0001
                 lag7r           1      56      30.72    <.0001
                 lag9r           1      56      15.34    0.0002
                 silage          4    16E3      15.34    <.0001
                           REG vs TRANSREG Model Fits                          4
                            PROC TRANSREG Model Fit
                                                 08:30 Friday, November 27, 2015

                              The Mixed Procedure

                               Model Information

             Data Set                     WORK.TRANSREG            
             Dependent Variable           rumenph                  
             Covariance Structure         Unstructured             
             Subject Effect               animal*day               
             Estimation Method            REML                     
             Residual Variance Method     Profile                  
             Fixed Effects SE Method      Model-Based              
             Degrees of Freedom Method    Containment              


                            Class Level Information
 
               Class     Levels    Values

               animal         4    52 64 138 183                 
               day           15    1 2 3 4 5 6 7 8 9 10 11 12 13 
                                   14 15                         
               silage         5    12 20 30 40 50                


                                  Dimensions

                      Covariance Parameters            22
                      Columns in X                     11
                      Columns in Z Per Subject          6
                      Subjects                         57
                      Max Obs Per Subject             288


                            Number of Observations

                  Number of Observations Read           16416
                  Number of Observations Used           16304
                  Number of Observations Not Used         112


                        Covariance Parameter Estimates
 
                                            Standard         Z
     Cov Parm     Subject       Estimate       Error     Value        Pr Z

     UN(1,1)      animal*day      5.1842      1.0171      5.10      <.0001
     UN(2,1)      animal*day     -2.4644      4.0846     -0.60      0.5463
     UN(2,2)      animal*day      140.82     27.9008      5.05      <.0001
     UN(3,1)      animal*day      1.6912      4.0662      0.42      0.6775
     UN(3,2)      animal*day     -140.39     27.8455     -5.04      <.0001
     UN(3,3)      animal*day      140.08     27.8036      5.04      <.0001
     UN(4,1)      animal*day     -0.1020     0.09023     -1.13      0.2581
     UN(4,2)      animal*day      1.9572      0.5468      3.58      0.0003
     UN(4,3)      animal*day     -1.9405      0.5445     -3.56      0.0004
     UN(4,4)      animal*day     0.07274     0.01568      4.64      <.0001
     UN(5,1)      animal*day    -0.03453     0.04206     -0.82      0.4118
                           REG vs TRANSREG Model Fits                          5
                            PROC TRANSREG Model Fit
                                                 08:30 Friday, November 27, 2015

                              The Mixed Procedure

                        Covariance Parameter Estimates
 
                                            Standard         Z
     Cov Parm     Subject       Estimate       Error     Value        Pr Z

     UN(5,2)      animal*day     -0.1487      0.2623     -0.57      0.5707
     UN(5,3)      animal*day      0.1541      0.2616      0.59      0.5559
     UN(5,4)      animal*day    -0.00009    0.005938     -0.02      0.9878
     UN(5,5)      animal*day    0.008963    0.003559      2.52      0.0059
     UN(6,1)      animal*day     0.01569     0.05040      0.31      0.7555
     UN(6,2)      animal*day     0.06177      0.2999      0.21      0.8368
     UN(6,3)      animal*day    -0.06340      0.2991     -0.21      0.8321
     UN(6,4)      animal*day     0.01040    0.007007      1.48      0.1376
     UN(6,5)      animal*day    0.004574    0.003126      1.46      0.1434
     UN(6,6)      animal*day     0.01854    0.005399      3.43      0.0003
     Residual                    0.01502    0.000168     89.30      <.0001


                                Fit Statistics

                     -2 Res Log Likelihood        -21058.3
                     AIC (smaller is better)      -21014.3
                     AICC (smaller is better)     -21014.2
                     BIC (smaller is better)      -20969.3


                        Null Model Likelihood Ratio Test
 
                          DF    Chi-Square      Pr > ChiSq

                          21      11200.68          <.0001


                              Information Criteria
 
  Neg2LogLike    Parms        AIC       AICC       HQIC        BIC       CAIC

       -21058       22     -21014     -21014     -20997     -20969     -20947


                           Solution for Fixed Effects
 
                                      Standard
   Effect       silage    Estimate       Error      DF    t Value    Pr > |t|

   Intercept                1.0211      0.3059      52       3.34      0.0016
   reticph                  0.1542     0.01225    16E3      12.59      <.0001
   lag1p                    0.7001     0.04707      56      14.87      <.0001
   lag2r                    0.2319     0.03167      56       7.32      <.0001
   lag7r                    0.1041     0.01849      56       5.63      <.0001
   lag9r                    0.1229     0.02205      56       5.57      <.0001
   silage       12         -0.3003     0.04700    16E3      -6.39      <.0001
   silage       20         -0.2344     0.04352    16E3      -5.39      <.0001
   silage       30         -0.2200     0.04349    16E3      -5.06      <.0001
                           REG vs TRANSREG Model Fits                          6
                            PROC TRANSREG Model Fit
                                                 08:30 Friday, November 27, 2015

                              The Mixed Procedure

                           Solution for Fixed Effects
 
                                      Standard
   Effect       silage    Estimate       Error      DF    t Value    Pr > |t|

   silage       40         -0.1790     0.04338    16E3      -4.13      <.0001
   silage       50               0           .       .        .         .    


                         Type 3 Tests of Fixed Effects
 
                               Num     Den
                 Effect         DF      DF    F Value    Pr > F

                 reticph         1    16E3     158.53    <.0001
                 lag1p           1      56     221.21    <.0001
                 lag2r           1      56      53.58    <.0001
                 lag7r           1      56      31.68    <.0001
                 lag9r           1      56      31.07    <.0001
                 silage          4    16E3      12.61    <.0001
