1                                                          The SAS System                              09:17 Tuesday, April 28, 2015

NOTE: Copyright (c) 2002-2012 by SAS Institute Inc., Cary, NC, USA. 
NOTE: SAS (r) Proprietary Software 9.4 (TS1M0) 
      Licensed to UNIVERSITY OF GUELPH, Site 70095643.
NOTE: This session is executing on the Linux 3.6.11-4.fc16.x86_64 (LIN X64) platform.



NOTE: Updated analytical products:
      
      SAS/STAT 12.3 (maintenance)
      SAS/ETS 12.3 (maintenance)
      SAS/OR 12.3 (maintenance)
      SAS/IML 12.3 (maintenance)
      SAS/QC 12.3 (maintenance)

NOTE: Additional host information:

 Linux LIN X64 3.6.11-4.fc16.x86_64 #1 SMP Tue Jan 8 20:57:42 UTC 2013 x86_64 Fedora release 16 (Verne) 

NOTE: SAS initialization used:
      real time           0.02 seconds
      cpu time            0.01 seconds
      
1          title 'Rumen pH Prediction - PDLREG';
2          
3          /* Set output character width to 80 */
4          options linesize=80;
5          
6          /* Data translation */
7          data read;
8              infile 'ph.dat';
9              input day animal silage dmi time rumenph reticph;
10             oldreticph=reticph;
11             oldrumenph=rumenph;
12         
13             if animal ne 52 then delete;
14             if day ne 1 then delete;
15         

NOTE: The infile 'ph.dat' is:
      Filename=/home/seymourd/pH/ph.dat,
      Owner Name=seymourd,Group Name=seymourd,
      Access Permission=-rw-r-----,
      Last Modified=Mon Apr 27 09:43:56 2015,
      File Size (bytes)=806856

NOTE: 17280 records were read from the infile 'ph.dat'.
      The minimum record length was 28.
      The maximum record length was 48.
NOTE: The data set WORK.READ has 288 observations and 9 variables.
NOTE: DATA statement used (Total process time):
      real time           0.01 seconds
      cpu time            0.01 seconds
      

16         proc pdlreg data=read;
17             by animal day;
18         
2                                The SAS System    09:17 Tuesday, April 28, 2015

19             /* Lag distribution specification in the form of
19       ! regressor-name(length,
20             degree, minimum-degree, end-constraint), where:
21         
22                 length is the length of the lag distribution (i.e. the number
22       !  of lags of
23                 the regressor to use)
24         
25                 degree is the degree of the distribution polynomial
26         
27                 minimum-degree is a optional minimum degree for the
27       ! distribution
28         
29                 end-constraint is an optional endpoint restriction
29       ! specification
30         
31             If the minimum-degree option is specified, the procedure
31       ! estimates models
32             for all degrees between minimum-degree and degree */
33         
34             /* nlag specifies the order of the autoregressive process or the
34       ! subset of
35             autoregressive lags to be fit. If nlag is not specified, the
35       ! procedure does
36             not fit an autoregressive model */
37         
38             model rumenph=reticph(12,10,1) / nlag=10 backstep method=ml;
39             output out=new p=pred rm=residph transform=rumenph
39       ! transform=reticph;
40         run;

NOTE: The data set WORK.NEW has 288 observations and 11 variables.
NOTE: The PROCEDURE PDLREG printed pages 1-32.
NOTE: PROCEDURE PDLREG used (Total process time):
      real time           0.03 seconds
      cpu time            0.03 seconds
      

41         
42         proc export
43         	data=new
44         	outfile="phregdev.xls"
45         	dbms=xls
46         	replace;
47         	sheet="pdlreg";
NOTE: The export data set has 288 observations and 11 variables.
NOTE: "/home/seymourd/pH/phregdev.xls" file was successfully created.
NOTE: PROCEDURE EXPORT used (Total process time):
      real time           0.51 seconds
      cpu time            0.06 seconds
      

NOTE: SAS Institute Inc., SAS Campus Drive, Cary, NC USA 27513-2414
NOTE: The SAS System used:
      real time           0.59 seconds
      cpu time            0.12 seconds
      
