                          Rumen pH Prediction - PDLREG                         1
                                                   09:17 Tuesday, April 28, 2015

                              The PDLREG Procedure

------------------------------- animal=52 day=1 --------------------------------

                         Dependent Variable    rumenph


                       Ordinary Least Squares Estimates

         SSE              2.20393961    DFE                        264
         MSE                 0.00835    Root MSE               0.09137
         SBC              -482.42373    AIC                 -525.86854
         MAE              0.06970482    AICC                -524.68223
         MAPE             1.05954199    HQC                 -508.43487
         Durbin-Watson        0.3211    Regress R-Square        0.6409
                                        Total R-Square          0.6409


                              Parameter Estimates
 
                                          Standard                 Approx
      Variable        DF     Estimate        Error    t Value    Pr > |t|

      Intercept        1       2.4095       0.1950      12.35      <.0001
      reticph**0       1       0.1776     0.008279      21.45      <.0001
      reticph**1       1    -0.001672       0.0231      -0.07      0.9423
      reticph**2       1       0.1327       0.0422       3.15      0.0018
      reticph**3       1       0.0306       0.0720       0.42      0.6715
      reticph**4       1       0.1663       0.0968       1.72      0.0868
      reticph**5       1       0.1942       0.1201       1.62      0.1069
      reticph**6       1    -0.001250       0.1398      -0.01      0.9929
      reticph**7       1      -0.0128       0.1318      -0.10      0.9228
      reticph**8       1       0.0794       0.1607       0.49      0.6216
      reticph**9       1       0.1079       0.1637       0.66      0.5102
      reticph**10      1       0.1417       0.1996       0.71      0.4785


                          Estimate of Lag Distribution
 
                                         Standard                 Approx
        Variable            Estimate        Error    t Value    Pr > |t|

        reticph(0)          0.114263       0.0953       1.20      0.2318
        reticph(1)          0.101690       0.1448       0.70      0.4831
        reticph(2)          0.081035       0.1404       0.58      0.5644
        reticph(3)         -0.044013       0.1181      -0.37      0.7096
        reticph(4)         -0.004174       0.0817      -0.05      0.9593
        reticph(5)         -0.015967       0.0744      -0.21      0.8302
        reticph(6)          0.032751       0.0866       0.38      0.7056
        reticph(7)          0.163062       0.0746       2.18      0.0298
        reticph(8)          0.094838       0.0815       1.16      0.2455
        reticph(9)         -0.102260       0.1186      -0.86      0.3894
        reticph(10)         0.054965       0.1420       0.39      0.6991
        reticph(11)        -0.087999       0.1467      -0.60      0.5491
        reticph(12)         0.252238       0.0966       2.61      0.0096

                          Rumen pH Prediction - PDLREG                         2
                                                   09:17 Tuesday, April 28, 2015

                              The PDLREG Procedure

------------------------------- animal=52 day=1 --------------------------------

                         Estimate of Lag Distribution
 
                          
          Variable        -0.102      0                        0.2522

          reticph(0)      |           |*************                |
          reticph(1)      |           |************                 |
          reticph(2)      |           |*********                    |
          reticph(3)      |       ****|                             |
          reticph(4)      |           |                             |
          reticph(5)      |          *|                             |
          reticph(6)      |           |****                         |
          reticph(7)      |           |*******************          |
          reticph(8)      |           |***********                  |
          reticph(9)      |***********|                             |
          reticph(10)     |           |******                       |
          reticph(11)     |  *********|                             |
          reticph(12)     |           |*****************************|


                        Ordinary Least Squares Estimates

              SSE     2.20814527    DFE                        265
              MSE        0.00833    Root MSE               0.09128
              SBC     -481.89755    AIC                 -525.34236
              MAE     0.06970482    AICC                -524.16054
              MAPE    1.05954199    HQC                 -507.90869
                                    Regress R-Square        0.6402
                                    Total R-Square          0.6402


                    Autoregressive parameters assumed given
 
                                          Standard                 Approx
      Variable        DF     Estimate        Error    t Value    Pr > |t|

      Intercept        1       2.4105       0.1948      12.37      <.0001
      reticph**0       1       0.1776     0.008271      21.47      <.0001
      reticph**1       1    -0.001653       0.0231      -0.07      0.9429
      reticph**2       1       0.1316       0.0421       3.13      0.0020
      reticph**3       1       0.0308       0.0719       0.43      0.6692
      reticph**4       1       0.1606       0.0963       1.67      0.0967
      reticph**5       1       0.1942       0.1200       1.62      0.1066
      reticph**6       1      -0.0183       0.1376      -0.13      0.8940
      reticph**7       1      -0.0133       0.1317      -0.10      0.9196
      reticph**8       1       0.0341       0.1473       0.23      0.8171
      reticph**9       1       0.1067       0.1635       0.65      0.5145
      reticph**10      0            0            .        .         .    
                          Rumen pH Prediction - PDLREG                         3
                                                   09:17 Tuesday, April 28, 2015

                              The PDLREG Procedure

------------------------------- animal=52 day=1 --------------------------------

                          Estimate of Lag Distribution
 
                                         Standard                 Approx
        Variable            Estimate        Error    t Value    Pr > |t|

        reticph(0)          0.104455       0.0942       1.11      0.2687
        reticph(1)          0.134258       0.1372       0.98      0.3287
        reticph(2)          0.024109       0.1152       0.21      0.8343
        reticph(3)          0.020205       0.0758       0.27      0.7900
        reticph(4)         -0.038842       0.0654      -0.59      0.5531
        reticph(5)         -0.033960       0.0699      -0.49      0.6273
        reticph(6)          0.078170       0.0583       1.34      0.1811
        reticph(7)          0.144423       0.0698       2.07      0.0395
        reticph(8)          0.060451       0.0654       0.92      0.3565
        reticph(9)         -0.037486       0.0757      -0.50      0.6208
        reticph(10)        -0.003374       0.1157      -0.03      0.9768
        reticph(11)        -0.054592       0.1388      -0.39      0.6944
        reticph(12)         0.242452       0.0956       2.54      0.0118

                         Estimate of Lag Distribution
 
                          
          Variable        -0.055  0                            0.2425

          reticph(0)      |       |**************                   |
          reticph(1)      |       |******************               |
          reticph(2)      |       |***                              |
          reticph(3)      |       |**                               |
          reticph(4)      |  *****|                                 |
          reticph(5)      |   ****|                                 |
          reticph(6)      |       |**********                       |
          reticph(7)      |       |*******************              |
          reticph(8)      |       |********                         |
          reticph(9)      |  *****|                                 |
          reticph(10)     |       |                                 |
          reticph(11)     |*******|                                 |
          reticph(12)     |       |*********************************|


                        Ordinary Least Squares Estimates

              SSE      2.2116957    DFE                        266
              MSE        0.00831    Root MSE               0.09118
              SBC     -481.45413    AIC                 -524.89894
              MAE     0.06970482    AICC                -523.72159
              MAPE    1.05954199    HQC                 -507.46527
                                    Regress R-Square        0.6396
                                    Total R-Square          0.6396
                          Rumen pH Prediction - PDLREG                         4
                                                   09:17 Tuesday, April 28, 2015

                              The PDLREG Procedure

------------------------------- animal=52 day=1 --------------------------------

                    Autoregressive parameters assumed given
 
                                          Standard                 Approx
      Variable        DF     Estimate        Error    t Value    Pr > |t|

      Intercept        1       2.4102       0.1946      12.38      <.0001
      reticph**0       1       0.1776     0.008262      21.49      <.0001
      reticph**1       1    -0.002030       0.0230      -0.09      0.9298
      reticph**2       1       0.1316       0.0421       3.13      0.0020
      reticph**3       1       0.0278       0.0717       0.39      0.6980
      reticph**4       1       0.1602       0.0962       1.66      0.0972
      reticph**5       1       0.1810       0.1181       1.53      0.1266
      reticph**6       1      -0.0193       0.1375      -0.14      0.8887
      reticph**7       1      -0.0492       0.1196      -0.41      0.6812
      reticph**8       1       0.0331       0.1471       0.23      0.8220
      reticph**9       0            0            .        .         .    
      reticph**10      0            0            .        .         .    


                          Estimate of Lag Distribution
 
                                         Standard                 Approx
        Variable            Estimate        Error    t Value    Pr > |t|

        reticph(0)          0.115868       0.0925       1.25      0.2114
        reticph(1)          0.097741       0.1251       0.78      0.4354
        reticph(2)          0.075699       0.0837       0.90      0.3664
        reticph(3)         -0.012191       0.0572      -0.21      0.8315
        reticph(4)         -0.050913       0.0627      -0.81      0.4173
        reticph(5)         -0.002150       0.0500      -0.04      0.9657
        reticph(6)          0.078004       0.0582       1.34      0.1815
        reticph(7)          0.112633       0.0500       2.25      0.0250
        reticph(8)          0.072873       0.0626       1.16      0.2451
        reticph(9)         -0.005364       0.0574      -0.09      0.9257
        reticph(10)        -0.055644       0.0835      -0.67      0.5055

                         Estimate of Lag Distribution
 
                          
          Variable        -0.056  0                            0.2303

          reticph(0)      |       |*****************                |
          reticph(1)      |       |**************                   |
          reticph(2)      |       |***********                      |
          reticph(3)      |      *|                                 |
          reticph(4)      | ******|                                 |
          reticph(5)      |       |                                 |
          reticph(6)      |       |***********                      |
          reticph(7)      |       |****************                 |
          reticph(8)      |       |**********                       |
          reticph(9)      |       |                                 |
          reticph(10)     |*******|                                 |
                          Rumen pH Prediction - PDLREG                         5
                                                   09:17 Tuesday, April 28, 2015

                              The PDLREG Procedure

------------------------------- animal=52 day=1 --------------------------------

                          Estimate of Lag Distribution
 
                                         Standard                 Approx
        Variable            Estimate        Error    t Value    Pr > |t|

        reticph(11)        -0.016490       0.1258      -0.13      0.8958
        reticph(12)         0.230254       0.0936       2.46      0.0145

                         Estimate of Lag Distribution
 
                          
          Variable        -0.056  0                            0.2303

          reticph(11)     |      *|                                 |
          reticph(12)     |       |*********************************|


                        Ordinary Least Squares Estimates

              SSE     2.21211738    DFE                        267
              MSE        0.00829    Root MSE               0.09102
              SBC     -481.40152    AIC                 -524.84633
              MAE     0.06970482    AICC                 -523.6734
              MAPE    1.05954199    HQC                 -507.41266
                                    Regress R-Square        0.6395
                                    Total R-Square          0.6395


                    Autoregressive parameters assumed given
 
                                          Standard                 Approx
      Variable        DF     Estimate        Error    t Value    Pr > |t|

      Intercept        1       2.4121       0.1941      12.43      <.0001
      reticph**0       1       0.1775     0.008240      21.54      <.0001
      reticph**1       1    -0.002042       0.0230      -0.09      0.9293
      reticph**2       1       0.1300       0.0414       3.14      0.0019
      reticph**3       1       0.0278       0.0716       0.39      0.6985
      reticph**4       1       0.1533       0.0910       1.68      0.0934
      reticph**5       1       0.1808       0.1179       1.53      0.1264
      reticph**6       1      -0.0335       0.1217      -0.28      0.7831
      reticph**7       1      -0.0492       0.1194      -0.41      0.6805
      reticph**8       0            0            .        .         .    
      reticph**9       0            0            .        .         .    
      reticph**10      0            0            .        .         .    


                          Rumen pH Prediction - PDLREG                         6
                                                   09:17 Tuesday, April 28, 2015

                              The PDLREG Procedure

------------------------------- animal=52 day=1 --------------------------------

                          Estimate of Lag Distribution
 
                                         Standard                 Approx
        Variable            Estimate        Error    t Value    Pr > |t|

        reticph(0)          0.108063       0.0856       1.26      0.2080
        reticph(1)          0.114918       0.0990       1.16      0.2469
        reticph(2)          0.062011       0.0574       1.08      0.2808
        reticph(3)         -0.012522       0.0571      -0.22      0.8266
        reticph(4)         -0.041412       0.0463      -0.90      0.3715
        reticph(5)         -0.002689       0.0499      -0.05      0.9570
        reticph(6)          0.069142       0.0428       1.61      0.1077
        reticph(7)          0.112035       0.0498       2.25      0.0253
        reticph(8)          0.082296       0.0464       1.77      0.0774
        reticph(9)         -0.005715       0.0573      -0.10      0.9206
        reticph(10)        -0.069211       0.0576      -1.20      0.2309
        reticph(11)         0.000890       0.0991       0.01      0.9928
        reticph(12)         0.222218       0.0864       2.57      0.0107

                         Estimate of Lag Distribution
 
                          
          Variable        -0.069    0                          0.2222

          reticph(0)      |         |***************                |
          reticph(1)      |         |****************               |
          reticph(2)      |         |********                       |
          reticph(3)      |        *|                               |
          reticph(4)      |    *****|                               |
          reticph(5)      |         |                               |
          reticph(6)      |         |*********                      |
          reticph(7)      |         |***************                |
          reticph(8)      |         |***********                    |
          reticph(9)      |         |                               |
          reticph(10)     |*********|                               |
          reticph(11)     |         |                               |
          reticph(12)     |         |*******************************|


                        Ordinary Least Squares Estimates

              SSE     2.21352531    DFE                        268
              MSE        0.00826    Root MSE               0.09088
              SBC     -481.22591    AIC                 -524.67072
              MAE     0.06970482    AICC                -523.50218
              MAPE    1.05954199    HQC                 -507.23705
                                    Regress R-Square        0.6393
                                    Total R-Square          0.6393
                          Rumen pH Prediction - PDLREG                         7
                                                   09:17 Tuesday, April 28, 2015

                              The PDLREG Procedure

------------------------------- animal=52 day=1 --------------------------------

                    Autoregressive parameters assumed given
 
                                          Standard                 Approx
      Variable        DF     Estimate        Error    t Value    Pr > |t|

      Intercept        1       2.4120       0.1938      12.45      <.0001
      reticph**0       1       0.1775     0.008227      21.58      <.0001
      reticph**1       1    -0.001342       0.0229      -0.06      0.9533
      reticph**2       1       0.1301       0.0414       3.15      0.0018
      reticph**3       1       0.0319       0.0708       0.45      0.6529
      reticph**4       1       0.1534       0.0909       1.69      0.0926
      reticph**5       1       0.1920       0.1145       1.68      0.0949
      reticph**6       1      -0.0336       0.1215      -0.28      0.7827
      reticph**7       0            0            .        .         .    
      reticph**8       0            0            .        .         .    
      reticph**9       0            0            .        .         .    
      reticph**10      0            0            .        .         .    


                          Estimate of Lag Distribution
 
                                         Standard                 Approx
        Variable            Estimate        Error    t Value    Pr > |t|

        reticph(0)          0.097459       0.0815       1.20      0.2330
        reticph(1)          0.138942       0.0799       1.74      0.0833
        reticph(2)          0.048680       0.0473       1.03      0.3046
        reticph(3)         -0.025052       0.0483      -0.52      0.6043
        reticph(4)         -0.033504       0.0420      -0.80      0.4261
        reticph(5)          0.011308       0.0364       0.31      0.7566
        reticph(6)          0.069179       0.0428       1.62      0.1070
        reticph(7)          0.098084       0.0365       2.69      0.0076
        reticph(8)          0.074368       0.0422       1.76      0.0790
        reticph(9)          0.006732       0.0486       0.14      0.8900
        reticph(10)        -0.055975       0.0478      -1.17      0.2426

                         Estimate of Lag Distribution
 
                          
          Variable        -0.056  0                             0.233

          reticph(0)      |       |**************                   |
          reticph(1)      |       |********************             |
          reticph(2)      |       |*******                          |
          reticph(3)      |    ***|                                 |
          reticph(4)      |   ****|                                 |
          reticph(5)      |       |**                               |
          reticph(6)      |       |**********                       |
          reticph(7)      |       |**************                   |
          reticph(8)      |       |**********                       |
          reticph(9)      |       |*                                |
          reticph(10)     |*******|                                 |
                          Rumen pH Prediction - PDLREG                         8
                                                   09:17 Tuesday, April 28, 2015

                              The PDLREG Procedure

------------------------------- animal=52 day=1 --------------------------------

                          Estimate of Lag Distribution
 
                                         Standard                 Approx
        Variable            Estimate        Error    t Value    Pr > |t|

        reticph(11)        -0.023148       0.0801      -0.29      0.7727
        reticph(12)         0.232975       0.0822       2.83      0.0050

                         Estimate of Lag Distribution
 
                          
          Variable        -0.056  0                             0.233

          reticph(11)     |     **|                                 |
          reticph(12)     |       |*********************************|


                        Ordinary Least Squares Estimates

              SSE     2.21415508    DFE                        269
              MSE        0.00823    Root MSE               0.09073
              SBC      -481.1474    AIC                 -524.59221
              MAE     0.06970482    AICC                -523.42803
              MAPE    1.05954199    HQC                 -507.15853
                                    Regress R-Square        0.6392
                                    Total R-Square          0.6392


                    Autoregressive parameters assumed given
 
                                          Standard                 Approx
      Variable        DF     Estimate        Error    t Value    Pr > |t|

      Intercept        1       2.4113       0.1934      12.46      <.0001
      reticph**0       1       0.1775     0.008212      21.62      <.0001
      reticph**1       1    -0.001339       0.0228      -0.06      0.9533
      reticph**2       1       0.1310       0.0412       3.18      0.0016
      reticph**3       1       0.0318       0.0706       0.45      0.6529
      reticph**4       1       0.1599       0.0876       1.82      0.0692
      reticph**5       1       0.1920       0.1143       1.68      0.0943
      reticph**6       0            0            .        .         .    
      reticph**7       0            0            .        .         .    
      reticph**8       0            0            .        .         .    
      reticph**9       0            0            .        .         .    
      reticph**10      0            0            .        .         .    


                          Rumen pH Prediction - PDLREG                         9
                                                   09:17 Tuesday, April 28, 2015

                              The PDLREG Procedure

------------------------------- animal=52 day=1 --------------------------------

                          Estimate of Lag Distribution
 
                                         Standard                 Approx
        Variable            Estimate        Error    t Value    Pr > |t|

        reticph(0)          0.106577       0.0744       1.43      0.1532
        reticph(1)          0.122030       0.0513       2.38      0.0180
        reticph(2)          0.048573       0.0472       1.03      0.3048
        reticph(3)         -0.014394       0.0290      -0.50      0.6195
        reticph(4)         -0.027234       0.0353      -0.77      0.4412
        reticph(5)          0.007021       0.0329       0.21      0.8313
        reticph(6)          0.059745       0.0257       2.32      0.0208
        reticph(7)          0.093809       0.0330       2.84      0.0048
        reticph(8)          0.080664       0.0354       2.28      0.0236
        reticph(9)          0.017425       0.0294       0.59      0.5536
        reticph(10)        -0.056045       0.0477      -1.17      0.2412
        reticph(11)        -0.040047       0.0515      -0.78      0.4378
        reticph(12)         0.242035       0.0753       3.22      0.0015

                         Estimate of Lag Distribution
 
                          
          Variable        -0.056  0                             0.242

          reticph(0)      |       |**************                   |
          reticph(1)      |       |****************                 |
          reticph(2)      |       |******                           |
          reticph(3)      |      *|                                 |
          reticph(4)      |    ***|                                 |
          reticph(5)      |       |*                                |
          reticph(6)      |       |********                         |
          reticph(7)      |       |*************                    |
          reticph(8)      |       |***********                      |
          reticph(9)      |       |**                               |
          reticph(10)     |*******|                                 |
          reticph(11)     |  *****|                                 |
          reticph(12)     |       |*********************************|


                        Ordinary Least Squares Estimates

              SSE     2.23735859    DFE                        270
              MSE        0.00829    Root MSE               0.09103
              SBC     -478.27007    AIC                 -521.71488
              MAE     0.06970482    AICC                -520.55503
              MAPE    1.05954199    HQC                 -504.28121
                                    Regress R-Square        0.6354
                                    Total R-Square          0.6354
                          Rumen pH Prediction - PDLREG                        10
                                                   09:17 Tuesday, April 28, 2015

                              The PDLREG Procedure

------------------------------- animal=52 day=1 --------------------------------

                    Autoregressive parameters assumed given
 
                                          Standard                 Approx
      Variable        DF     Estimate        Error    t Value    Pr > |t|

      Intercept        1       2.4115       0.1941      12.42      <.0001
      reticph**0       1       0.1775     0.008239      21.55      <.0001
      reticph**1       1    -0.008019       0.0226      -0.36      0.7227
      reticph**2       1       0.1311       0.0413       3.17      0.0017
      reticph**3       1      -0.0186       0.0642      -0.29      0.7720
      reticph**4       1       0.1593       0.0879       1.81      0.0712
      reticph**5       0            0            .        .         .    
      reticph**6       0            0            .        .         .    
      reticph**7       0            0            .        .         .    
      reticph**8       0            0            .        .         .    
      reticph**9       0            0            .        .         .    
      reticph**10      0            0            .        .         .    


                          Estimate of Lag Distribution
 
                                         Standard                 Approx
        Variable            Estimate        Error    t Value    Pr > |t|

        reticph(0)          0.186292       0.0575       3.24      0.0013
        reticph(1)          0.044145       0.0219       2.01      0.0451
        reticph(2)         -0.005813       0.0345      -0.17      0.8664
        reticph(3)         -0.002830       0.0282      -0.10      0.9202
        reticph(4)          0.022394       0.0194       1.16      0.2487
        reticph(5)          0.047707       0.0224       2.13      0.0337
        reticph(6)          0.059507       0.0258       2.31      0.0218
        reticph(7)          0.052742       0.0222       2.38      0.0182
        reticph(8)          0.030909       0.0195       1.59      0.1138
        reticph(9)          0.006053       0.0287       0.21      0.8330
        reticph(10)        -0.001231       0.0349      -0.04      0.9719

                         Estimate of Lag Distribution
 
                          
          Variable        -0.006                               0.1863

          reticph(0)      ||****************************************|
          reticph(1)      ||**********                              |
          reticph(2)      ||                                        |
          reticph(3)      ||                                        |
          reticph(4)      ||*****                                   |
          reticph(5)      ||**********                              |
          reticph(6)      ||*************                           |
          reticph(7)      ||***********                             |
          reticph(8)      ||*******                                 |
          reticph(9)      ||**                                      |
          reticph(10)     ||                                        |
                          Rumen pH Prediction - PDLREG                        11
                                                   09:17 Tuesday, April 28, 2015

                              The PDLREG Procedure

------------------------------- animal=52 day=1 --------------------------------

                          Estimate of Lag Distribution
 
                                         Standard                 Approx
        Variable            Estimate        Error    t Value    Pr > |t|

        reticph(11)         0.038201       0.0221       1.73      0.0847
        reticph(12)         0.162042       0.0585       2.77      0.0060

                         Estimate of Lag Distribution
 
                          
          Variable        -0.006                               0.1863

          reticph(11)     ||********                                |
          reticph(12)     ||***********************************     |


                        Ordinary Least Squares Estimates

              SSE     2.26455453    DFE                        271
              MSE        0.00836    Root MSE               0.09141
              SBC     -474.93541    AIC                 -518.38022
              MAE     0.06970482    AICC                -517.22467
              MAPE    1.05954199    HQC                 -500.94655
                                    Regress R-Square        0.6310
                                    Total R-Square          0.6310


                    Autoregressive parameters assumed given
 
                                          Standard                 Approx
      Variable        DF     Estimate        Error    t Value    Pr > |t|

      Intercept        1       2.4489       0.1938      12.64      <.0001
      reticph**0       1       0.1759     0.008227      21.39      <.0001
      reticph**1       1    -0.007974       0.0227      -0.35      0.7253
      reticph**2       1       0.0996       0.0376       2.65      0.0086
      reticph**3       1      -0.0203       0.0644      -0.31      0.7532
      reticph**4       0            0            .        .         .    
      reticph**5       0            0            .        .         .    
      reticph**6       0            0            .        .         .    
      reticph**7       0            0            .        .         .    
      reticph**8       0            0            .        .         .    
      reticph**9       0            0            .        .         .    
      reticph**10      0            0            .        .         .    


                          Rumen pH Prediction - PDLREG                        12
                                                   09:17 Tuesday, April 28, 2015

                              The PDLREG Procedure

------------------------------- animal=52 day=1 --------------------------------

                          Estimate of Lag Distribution
 
                                         Standard                 Approx
        Variable            Estimate        Error    t Value    Pr > |t|

        reticph(0)          0.110661       0.0397       2.79      0.0057
        reticph(1)          0.076248       0.0130       5.88      <.0001
        reticph(2)          0.050529       0.0150       3.36      0.0009
        reticph(3)          0.032654       0.0204       1.60      0.1106
        reticph(4)          0.021777       0.0195       1.12      0.2639
        reticph(5)          0.017049       0.0147       1.16      0.2460
        reticph(6)          0.017623       0.0115       1.54      0.1254
        reticph(7)          0.022650       0.0148       1.53      0.1268
        reticph(8)          0.031283       0.0196       1.60      0.1110
        reticph(9)          0.042674       0.0204       2.09      0.0377
        reticph(10)         0.055975       0.0150       3.74      0.0002
        reticph(11)         0.070338       0.0132       5.33      <.0001
        reticph(12)         0.084915       0.0403       2.11      0.0358

                         Estimate of Lag Distribution
 
                          
          Variable        0                                    0.1107

          reticph(0)      |*****************************************|
          reticph(1)      |****************************             |
          reticph(2)      |*******************                      |
          reticph(3)      |************                             |
          reticph(4)      |********                                 |
          reticph(5)      |******                                   |
          reticph(6)      |*******                                  |
          reticph(7)      |********                                 |
          reticph(8)      |************                             |
          reticph(9)      |****************                         |
          reticph(10)     |*********************                    |
          reticph(11)     |**************************               |
          reticph(12)     |*******************************          |


                        Ordinary Least Squares Estimates

              SSE     2.26538251    DFE                        272
              MSE        0.00833    Root MSE               0.09126
              SBC     -474.83452    AIC                 -518.27933
              MAE     0.06970482    AICC                -517.12804
              MAPE    1.05954199    HQC                 -500.84566
                                    Regress R-Square        0.6309
                                    Total R-Square          0.6309
                          Rumen pH Prediction - PDLREG                        13
                                                   09:17 Tuesday, April 28, 2015

                              The PDLREG Procedure

------------------------------- animal=52 day=1 --------------------------------

                    Autoregressive parameters assumed given
 
                                          Standard                 Approx
      Variable        DF     Estimate        Error    t Value    Pr > |t|

      Intercept        1       2.4481       0.1935      12.65      <.0001
      reticph**0       1       0.1760     0.008212      21.43      <.0001
      reticph**1       1    -0.004969       0.0205      -0.24      0.8089
      reticph**2       1       0.0998       0.0376       2.66      0.0084
      reticph**3       0            0            .        .         .    
      reticph**4       0            0            .        .         .    
      reticph**5       0            0            .        .         .    
      reticph**6       0            0            .        .         .    
      reticph**7       0            0            .        .         .    
      reticph**8       0            0            .        .         .    
      reticph**9       0            0            .        .         .    
      reticph**10      0            0            .        .         .    


                          Estimate of Lag Distribution
 
                                         Standard                 Approx
        Variable            Estimate        Error    t Value    Pr > |t|

        reticph(0)          0.100082       0.0211       4.75      <.0001
        reticph(1)          0.075182       0.0125       6.02      <.0001
        reticph(2)          0.054742     0.006802       8.05      <.0001
        reticph(3)          0.038763     0.006279       6.17      <.0001
        reticph(4)          0.027244     0.008748       3.11      0.0020
        reticph(5)          0.020185       0.0107       1.88      0.0614
        reticph(6)          0.017586       0.0114       1.54      0.1256
        reticph(7)          0.019448       0.0107       1.81      0.0707
        reticph(8)          0.025770     0.008702       2.96      0.0033
        reticph(9)          0.036553     0.006250       5.85      <.0001
        reticph(10)         0.051796     0.006880       7.53      <.0001

                         Estimate of Lag Distribution
 
                          
          Variable        0                                    0.1001

          reticph(0)      |*****************************************|
          reticph(1)      |*******************************          |
          reticph(2)      |**********************                   |
          reticph(3)      |****************                         |
          reticph(4)      |***********                              |
          reticph(5)      |********                                 |
          reticph(6)      |*******                                  |
          reticph(7)      |********                                 |
          reticph(8)      |***********                              |
          reticph(9)      |***************                          |
          reticph(10)     |*********************                    |
                          Rumen pH Prediction - PDLREG                        14
                                                   09:17 Tuesday, April 28, 2015

                              The PDLREG Procedure

------------------------------- animal=52 day=1 --------------------------------

                          Estimate of Lag Distribution
 
                                         Standard                 Approx
        Variable            Estimate        Error    t Value    Pr > |t|

        reticph(11)         0.071499       0.0126       5.65      <.0001
        reticph(12)         0.095662       0.0213       4.49      <.0001

                         Estimate of Lag Distribution
 
                          
          Variable        0                                    0.1001

          reticph(11)     |*****************************            |
          reticph(12)     |***************************************  |


                        Ordinary Least Squares Estimates

              SSE     2.32416104    DFE                        273
              MSE        0.00851    Root MSE               0.09227
              SBC     -467.76464    AIC                 -511.20945
              MAE     0.06970482    AICC                -510.06239
              MAPE    1.05954199    HQC                 -493.77578
                                    Regress R-Square        0.6213
                                    Total R-Square          0.6213


                    Autoregressive parameters assumed given
 
                                          Standard                 Approx
      Variable        DF     Estimate        Error    t Value    Pr > |t|

      Intercept        1       2.5664       0.1904      13.48      <.0001
      reticph**0       1       0.1710     0.008080      21.16      <.0001
      reticph**1       1    -0.005559       0.0208      -0.27      0.7890
      reticph**2       0            0            .        .         .    
      reticph**3       0            0            .        .         .    
      reticph**4       0            0            .        .         .    
      reticph**5       0            0            .        .         .    
      reticph**6       0            0            .        .         .    
      reticph**7       0            0            .        .         .    
      reticph**8       0            0            .        .         .    
      reticph**9       0            0            .        .         .    
      reticph**10      0            0            .        .         .    


                          Rumen pH Prediction - PDLREG                        15
                                                   09:17 Tuesday, April 28, 2015

                              The PDLREG Procedure

------------------------------- animal=52 day=1 --------------------------------

                          Estimate of Lag Distribution
 
                                         Standard                 Approx
        Variable            Estimate        Error    t Value    Pr > |t|

        reticph(0)          0.049889     0.009478       5.26      <.0001
        reticph(1)          0.049477     0.007991       6.19      <.0001
        reticph(2)          0.049065     0.006529       7.51      <.0001
        reticph(3)          0.048653     0.005112       9.52      <.0001
        reticph(4)          0.048241     0.003790      12.73      <.0001
        reticph(5)          0.047829     0.002707      17.67      <.0001
        reticph(6)          0.047417     0.002241      21.16      <.0001
        reticph(7)          0.047005     0.002730      17.22      <.0001
        reticph(8)          0.046593     0.003822      12.19      <.0001
        reticph(9)          0.046181     0.005148       8.97      <.0001
        reticph(10)         0.045769     0.006567       6.97      <.0001
        reticph(11)         0.045357     0.008030       5.65      <.0001
        reticph(12)         0.044945     0.009517       4.72      <.0001

                         Estimate of Lag Distribution
 
                          
          Variable        0                                    0.0499

          reticph(0)      |*****************************************|
          reticph(1)      |*****************************************|
          reticph(2)      |**************************************** |
          reticph(3)      |**************************************** |
          reticph(4)      |**************************************** |
          reticph(5)      |***************************************  |
          reticph(6)      |***************************************  |
          reticph(7)      |***************************************  |
          reticph(8)      |**************************************   |
          reticph(9)      |**************************************   |
          reticph(10)     |**************************************   |
          reticph(11)     |*************************************    |
          reticph(12)     |*************************************    |


                         Estimates of Autocorrelations
 
  Lag   Covariance    Correlation   -1 9 8 7 6 5 4 3 2 1 0 1 2 3 4 5 6 7 8 9 1 

    0      0.00799       1.000000   |                    |********************|
    1      0.00669       0.837276   |                    |*****************   |
    2      0.00550       0.688936   |                    |**************      |
    3      0.00486       0.609172   |                    |************        |
    4      0.00441       0.552132   |                    |***********         |
    5      0.00391       0.490211   |                    |**********          |
    6      0.00366       0.458909   |                    |*********           |
    7      0.00330       0.413426   |                    |********            |
    8      0.00330       0.413394   |                    |********            |
    9      0.00349       0.437575   |                    |*********           |
                          Rumen pH Prediction - PDLREG                        16
                                                   09:17 Tuesday, April 28, 2015

                              The PDLREG Procedure

------------------------------- animal=52 day=1 --------------------------------

                         Estimates of Autocorrelations
 
  Lag   Covariance    Correlation   -1 9 8 7 6 5 4 3 2 1 0 1 2 3 4 5 6 7 8 9 1 

   10      0.00359       0.448991   |                    |*********           |


                             Backward Elimination of
                              Autoregressive Terms
 
                    Lag      Estimate    t Value    Pr > |t|

                     10     -0.043644      -0.70      0.4869
                      4     -0.067178      -0.82      0.4142
                      8     -0.090945      -1.11      0.2695
                      5      0.076916       1.15      0.2525
                      6     -0.081211      -1.27      0.2056
                      7      0.065017       1.33      0.1861
                      3     -0.104644      -1.68      0.0941
                      2      0.066502       1.09      0.2788


                          Preliminary MSE     0.00231


                     Estimates of Autoregressive Parameters
 
                                             Standard
                  Lag     Coefficient           Error    t Value

                    1       -0.791679        0.036467     -21.71
                    9       -0.110299        0.036467      -3.02


                                    Expected
                                Autocorrelations
 
                                Lag     Autocorr

                                  0       1.0000
                                  1       0.8401
                                  2       0.7134
                                  3       0.6149
                                  4       0.5406
                                  5       0.4876
                                  6       0.4538
                                  7       0.4380
                                  8       0.4394
                                  9       0.4582
                          Rumen pH Prediction - PDLREG                        17
                                                   09:17 Tuesday, April 28, 2015

                              The PDLREG Procedure

------------------------------- animal=52 day=1 --------------------------------

        Algorithm converged.                                            


                          Maximum Likelihood Estimates

         SSE               0.57658229    DFE                        262
         MSE                  0.00220    Root MSE               0.04691
         SBC               -839.23245    AIC                 -889.91806
         MAE               0.03561399    AICC                -888.30886
         MAPE               0.5418135    HQC                 -869.57877
         Log Likelihood    458.959029    Regress R-Square        0.1214
         Durbin-Watson         1.9211    Total R-Square          0.9060
                                         Observations               276


                              Parameter Estimates
 
                                          Standard                 Approx
      Variable        DF     Estimate        Error    t Value    Pr > |t|

      Intercept        1       4.3180       0.6246       6.91      <.0001
      reticph**0       1       0.0973       0.0263       3.70      0.0003
      reticph**1       1      -0.0482       0.0266      -1.81      0.0709
      reticph**2       1       0.0251       0.0442       0.57      0.5713
      reticph**3       1      -0.0777       0.0504      -1.54      0.1241
      reticph**4       1       0.0309       0.0502       0.62      0.5391
      reticph**5       1       0.1347       0.0532       2.53      0.0120
      reticph**6       1      -0.0623       0.0567      -1.10      0.2729
      reticph**7       1      -0.0430       0.0495      -0.87      0.3857
      reticph**8       1    -0.001478       0.0532      -0.03      0.9779
      reticph**9       1       0.0879       0.0549       1.60      0.1106
      reticph**10      1       0.1185       0.0617       1.92      0.0561
      AR1              1      -0.8027       0.0342     -23.44      <.0001
      AR9              1      -0.1430       0.0348      -4.11      <.0001


                                    Expected
                                Autocorrelations
 
                                Lag     Autocorr

                                  0       1.0000
                                  1       0.8914
                                  2       0.8033
                                  3       0.7337
                                  4       0.6810
                                  5       0.6440
                                  6       0.6218
                                  7       0.6140
                                  8       0.6203
                                  9       0.6409
                          Rumen pH Prediction - PDLREG                        18
                                                   09:17 Tuesday, April 28, 2015

                              The PDLREG Procedure

------------------------------- animal=52 day=1 --------------------------------

                    Autoregressive parameters assumed given
 
                                          Standard                 Approx
      Variable        DF     Estimate        Error    t Value    Pr > |t|

      Intercept        1       4.3180       0.6223       6.94      <.0001
      reticph**0       1       0.0973       0.0262       3.71      0.0003
      reticph**1       1      -0.0482       0.0266      -1.81      0.0709
      reticph**2       1       0.0251       0.0442       0.57      0.5712
      reticph**3       1      -0.0777       0.0501      -1.55      0.1226
      reticph**4       1       0.0309       0.0502       0.62      0.5390
      reticph**5       1       0.1347       0.0532       2.53      0.0120
      reticph**6       1      -0.0623       0.0567      -1.10      0.2728
      reticph**7       1      -0.0430       0.0495      -0.87      0.3857
      reticph**8       1    -0.001478       0.0532      -0.03      0.9779
      reticph**9       1       0.0879       0.0549       1.60      0.1106
      reticph**10      1       0.1185       0.0617       1.92      0.0560


                          Estimate of Lag Distribution
 
                                         Standard                 Approx
        Variable            Estimate        Error    t Value    Pr > |t|

        reticph(0)          0.062530       0.0494       1.27      0.2066
        reticph(1)          0.116950       0.0519       2.25      0.0250
        reticph(2)          0.048003       0.0508       0.94      0.3460
        reticph(3)         -0.047725       0.0458      -1.04      0.2980
        reticph(4)         -0.010839       0.0373      -0.29      0.7715
        reticph(5)         -0.038791       0.0352      -1.10      0.2714
        reticph(6)          0.001414       0.0381       0.04      0.9705
        reticph(7)          0.143829       0.0353       4.08      <.0001
        reticph(8)          0.114357       0.0373       3.06      0.0024
        reticph(9)         -0.069992       0.0457      -1.53      0.1272
        reticph(10)         0.039066       0.0516       0.76      0.4493

                         Estimate of Lag Distribution
 
                          
          Variable        -0.07        0                       0.1438

          reticph(0)      |            |************                |
          reticph(1)      |            |***********************     |
          reticph(2)      |            |**********                  |
          reticph(3)      |    ********|                            |
          reticph(4)      |           *|                            |
          reticph(5)      |      ******|                            |
          reticph(6)      |            |*                           |
          reticph(7)      |            |****************************|
          reticph(8)      |            |**********************      |
          reticph(9)      |************|                            |
          reticph(10)     |            |********                    |
                          Rumen pH Prediction - PDLREG                        19
                                                   09:17 Tuesday, April 28, 2015

                              The PDLREG Procedure

------------------------------- animal=52 day=1 --------------------------------

                          Estimate of Lag Distribution
 
                                         Standard                 Approx
        Variable            Estimate        Error    t Value    Pr > |t|

        reticph(11)        -0.026652       0.0527      -0.51      0.6132
        reticph(12)         0.018634       0.0500       0.37      0.7095

                         Estimate of Lag Distribution
 
                          
          Variable        -0.07        0                       0.1438

          reticph(11)     |        ****|                            |
          reticph(12)     |            |****                        |


                          Maximum Likelihood Estimates

              SSE     0.58468613    DFE                        263
              MSE        0.00222    Root MSE               0.04715
              SBC     -835.38029    AIC                  -886.0659
              MAE     0.03561399    AICC                -884.46284
              MAPE     0.5418135    HQC                 -865.72661
                                    Regress R-Square        0.1091
                                    Total R-Square          0.9047


                    Autoregressive parameters assumed given
 
                                          Standard                 Approx
      Variable        DF     Estimate        Error    t Value    Pr > |t|

      Intercept        1       4.3164       0.6278       6.88      <.0001
      reticph**0       1       0.0974       0.0264       3.68      0.0003
      reticph**1       1      -0.0483       0.0267      -1.81      0.0722
      reticph**2       1       0.0251       0.0444       0.56      0.5728
      reticph**3       1      -0.0768       0.0506      -1.52      0.1305
      reticph**4       1       0.0306       0.0504       0.61      0.5443
      reticph**5       1       0.1347       0.0535       2.52      0.0124
      reticph**6       1      -0.0685       0.0569      -1.20      0.2295
      reticph**7       1      -0.0436       0.0497      -0.88      0.3807
      reticph**8       1      -0.0258       0.0519      -0.50      0.6197
      reticph**9       1       0.0864       0.0551       1.57      0.1183
      reticph**10      0            0            .        .         .    


                          Rumen pH Prediction - PDLREG                        20
                                                   09:17 Tuesday, April 28, 2015

                              The PDLREG Procedure

------------------------------- animal=52 day=1 --------------------------------

                          Estimate of Lag Distribution
 
                                         Standard                 Approx
        Variable            Estimate        Error    t Value    Pr > |t|

        reticph(0)          0.058502       0.0496       1.18      0.2392
        reticph(1)          0.135619       0.0512       2.65      0.0086
        reticph(2)          0.005998       0.0461       0.13      0.8966
        reticph(3)          0.006705       0.0361       0.19      0.8528
        reticph(4)         -0.043146       0.0334      -1.29      0.1981
        reticph(5)         -0.053431       0.0345      -1.55      0.1230
        reticph(6)          0.042747       0.0316       1.35      0.1779
        reticph(7)          0.128233       0.0345       3.72      0.0002
        reticph(8)          0.082019       0.0335       2.45      0.0150
        reticph(9)         -0.015383       0.0360      -0.43      0.6695
        reticph(10)        -0.005027       0.0464      -0.11      0.9138
        reticph(11)        -0.006997       0.0519      -0.13      0.8929
        reticph(12)         0.015218       0.0502       0.30      0.7620

                         Estimate of Lag Distribution
 
                          
          Variable        -0.053      0                        0.1356

          reticph(0)      |           |************                 |
          reticph(1)      |           |*****************************|
          reticph(2)      |           |*                            |
          reticph(3)      |           |*                            |
          reticph(4)      |  *********|                             |
          reticph(5)      |***********|                             |
          reticph(6)      |           |*********                    |
          reticph(7)      |           |***************************  |
          reticph(8)      |           |*****************            |
          reticph(9)      |        ***|                             |
          reticph(10)     |          *|                             |
          reticph(11)     |          *|                             |
          reticph(12)     |           |***                          |


                          Maximum Likelihood Estimates

              SSE     0.59014533    DFE                        264
              MSE        0.00224    Root MSE               0.04728
              SBC     -832.81523    AIC                 -883.50085
              MAE     0.03561399    AICC                -881.90389
              MAPE     0.5418135    HQC                 -863.16156
                                    Regress R-Square        0.1008
                                    Total R-Square          0.9038
                          Rumen pH Prediction - PDLREG                        21
                                                   09:17 Tuesday, April 28, 2015

                              The PDLREG Procedure

------------------------------- animal=52 day=1 --------------------------------

                    Autoregressive parameters assumed given
 
                                          Standard                 Approx
      Variable        DF     Estimate        Error    t Value    Pr > |t|

      Intercept        1       4.3176       0.6295       6.86      <.0001
      reticph**0       1       0.0973       0.0265       3.67      0.0003
      reticph**1       1      -0.0480       0.0268      -1.79      0.0743
      reticph**2       1       0.0249       0.0445       0.56      0.5763
      reticph**3       1      -0.0773       0.0507      -1.52      0.1289
      reticph**4       1       0.0303       0.0506       0.60      0.5495
      reticph**5       1       0.1252       0.0533       2.35      0.0196
      reticph**6       1      -0.0696       0.0570      -1.22      0.2235
      reticph**7       1      -0.0653       0.0479      -1.36      0.1737
      reticph**8       1      -0.0267       0.0521      -0.51      0.6091
      reticph**9       0            0            .        .         .    
      reticph**10      0            0            .        .         .    


                          Estimate of Lag Distribution
 
                                         Standard                 Approx
        Variable            Estimate        Error    t Value    Pr > |t|

        reticph(0)          0.065403       0.0495       1.32      0.1879
        reticph(1)          0.109394       0.0486       2.25      0.0251
        reticph(2)          0.045749       0.0386       1.18      0.2374
        reticph(3)         -0.021135       0.0315      -0.67      0.5029
        reticph(4)         -0.051284       0.0331      -1.55      0.1228
        reticph(5)         -0.025182       0.0295      -0.85      0.3947
        reticph(6)          0.042745       0.0317       1.35      0.1791
        reticph(7)          0.100182       0.0296       3.39      0.0008
        reticph(8)          0.090403       0.0332       2.73      0.0068
        reticph(9)          0.011985       0.0316       0.38      0.7044
        reticph(10)        -0.045507       0.0386      -1.18      0.2399

                         Estimate of Lag Distribution
 
                          
          Variable        -0.051       0                       0.1094

          reticph(0)      |            |*****************           |
          reticph(1)      |            |****************************|
          reticph(2)      |            |************                |
          reticph(3)      |        ****|                            |
          reticph(4)      |************|                            |
          reticph(5)      |       *****|                            |
          reticph(6)      |            |***********                 |
          reticph(7)      |            |**************************  |
          reticph(8)      |            |***********************     |
          reticph(9)      |            |***                         |
          reticph(10)     | ***********|                            |
                          Rumen pH Prediction - PDLREG                        22
                                                   09:17 Tuesday, April 28, 2015

                              The PDLREG Procedure

------------------------------- animal=52 day=1 --------------------------------

                          Estimate of Lag Distribution
 
                                         Standard                 Approx
        Variable            Estimate        Error    t Value    Pr > |t|

        reticph(11)         0.020771       0.0489       0.42      0.6716
        reticph(12)         0.007400       0.0501       0.15      0.8827

                         Estimate of Lag Distribution
 
                          
          Variable        -0.051       0                       0.1094

          reticph(11)     |            |*****                       |
          reticph(12)     |            |**                          |


                          Maximum Likelihood Estimates

              SSE     0.59073123    DFE                        265
              MSE        0.00223    Root MSE               0.04721
              SBC     -832.54136    AIC                 -883.22697
              MAE     0.03561399    AICC                -881.63606
              MAPE     0.5418135    HQC                 -862.88768
                                    Regress R-Square        0.0999
                                    Total R-Square          0.9037


                    Autoregressive parameters assumed given
 
                                          Standard                 Approx
      Variable        DF     Estimate        Error    t Value    Pr > |t|

      Intercept        1       4.2852       0.6254       6.85      <.0001
      reticph**0       1       0.0987       0.0263       3.75      0.0002
      reticph**1       1      -0.0480       0.0268      -1.79      0.0741
      reticph**2       1       0.0291       0.0437       0.67      0.5064
      reticph**3       1      -0.0772       0.0507      -1.52      0.1291
      reticph**4       1       0.0374       0.0486       0.77      0.4425
      reticph**5       1       0.1254       0.0532       2.36      0.0192
      reticph**6       1      -0.0629       0.0555      -1.13      0.2575
      reticph**7       1      -0.0652       0.0478      -1.36      0.1737
      reticph**8       0            0            .        .         .    
      reticph**9       0            0            .        .         .    
      reticph**10      0            0            .        .         .    


                          Rumen pH Prediction - PDLREG                        23
                                                   09:17 Tuesday, April 28, 2015

                              The PDLREG Procedure

------------------------------- animal=52 day=1 --------------------------------

                          Estimate of Lag Distribution
 
                                         Standard                 Approx
        Variable            Estimate        Error    t Value    Pr > |t|

        reticph(0)          0.073109       0.0471       1.55      0.1220
        reticph(1)          0.098521       0.0436       2.26      0.0247
        reticph(2)          0.056372       0.0325       1.73      0.0844
        reticph(3)         -0.022877       0.0313      -0.73      0.4652
        reticph(4)         -0.060019       0.0284      -2.12      0.0352
        reticph(5)         -0.024040       0.0294      -0.82      0.4145
        reticph(6)          0.051415       0.0268       1.92      0.0561
        reticph(7)          0.101329       0.0294       3.44      0.0007
        reticph(8)          0.081691       0.0284       2.87      0.0044
        reticph(9)          0.010260       0.0313       0.33      0.7436
        reticph(10)        -0.034974       0.0327      -1.07      0.2851
        reticph(11)         0.009678       0.0438       0.22      0.8253
        reticph(12)         0.015399       0.0475       0.32      0.7461

                         Estimate of Lag Distribution
 
                          
          Variable        -0.06          0                     0.1013

          reticph(0)      |              |*******************       |
          reticph(1)      |              |************************* |
          reticph(2)      |              |***************           |
          reticph(3)      |         *****|                          |
          reticph(4)      |**************|                          |
          reticph(5)      |         *****|                          |
          reticph(6)      |              |*************             |
          reticph(7)      |              |**************************|
          reticph(8)      |              |*********************     |
          reticph(9)      |              |***                       |
          reticph(10)     |      ********|                          |
          reticph(11)     |              |***                       |
          reticph(12)     |              |****                      |


                          Maximum Likelihood Estimates

              SSE     0.59487995    DFE                        266
              MSE        0.00224    Root MSE               0.04729
              SBC     -830.60978    AIC                 -881.29539
              MAE     0.03561399    AICC                -879.71049
              MAPE     0.5418135    HQC                 -860.95611
                                    Regress R-Square        0.0935
                                    Total R-Square          0.9031
                          Rumen pH Prediction - PDLREG                        24
                                                   09:17 Tuesday, April 28, 2015

                              The PDLREG Procedure

------------------------------- animal=52 day=1 --------------------------------

                    Autoregressive parameters assumed given
 
                                          Standard                 Approx
      Variable        DF     Estimate        Error    t Value    Pr > |t|

      Intercept        1       4.2832       0.6264       6.84      <.0001
      reticph**0       1       0.0988       0.0264       3.74      0.0002
      reticph**1       1      -0.0468       0.0268      -1.75      0.0821
      reticph**2       1       0.0294       0.0438       0.67      0.5029
      reticph**3       1      -0.0756       0.0507      -1.49      0.1374
      reticph**4       1       0.0376       0.0487       0.77      0.4406
      reticph**5       1       0.1187       0.0531       2.24      0.0262
      reticph**6       1      -0.0628       0.0555      -1.13      0.2589
      reticph**7       0            0            .        .         .    
      reticph**8       0            0            .        .         .    
      reticph**9       0            0            .        .         .    
      reticph**10      0            0            .        .         .    


                          Estimate of Lag Distribution
 
                                         Standard                 Approx
        Variable            Estimate        Error    t Value    Pr > |t|

        reticph(0)          0.066904       0.0470       1.42      0.1556
        reticph(1)          0.121236       0.0404       3.00      0.0029
        reticph(2)          0.032720       0.0276       1.19      0.2367
        reticph(3)         -0.037824       0.0293      -1.29      0.1985
        reticph(4)         -0.043609       0.0257      -1.70      0.0911
        reticph(5)         -0.000731       0.0240      -0.03      0.9757
        reticph(6)          0.051394       0.0268       1.91      0.0566
        reticph(7)          0.077981       0.0240       3.25      0.0013
        reticph(8)          0.065243       0.0258       2.53      0.0119
        reticph(9)          0.025151       0.0294       0.85      0.3934
        reticph(10)        -0.011402       0.0277      -0.41      0.6815

                         Estimate of Lag Distribution
 
                          
          Variable        -0.044     0                         0.1212

          reticph(0)      |          |****************              |
          reticph(1)      |          |******************************|
          reticph(2)      |          |********                      |
          reticph(3)      | *********|                              |
          reticph(4)      |**********|                              |
          reticph(5)      |          |                              |
          reticph(6)      |          |*************                 |
          reticph(7)      |          |*******************           |
          reticph(8)      |          |****************              |
          reticph(9)      |          |******                        |
          reticph(10)     |        **|                              |
                          Rumen pH Prediction - PDLREG                        25
                                                   09:17 Tuesday, April 28, 2015

                              The PDLREG Procedure

------------------------------- animal=52 day=1 --------------------------------

                          Estimate of Lag Distribution
 
                                         Standard                 Approx
        Variable            Estimate        Error    t Value    Pr > |t|

        reticph(11)        -0.013026       0.0406      -0.32      0.7485
        reticph(12)         0.022128       0.0473       0.47      0.6406

                         Estimate of Lag Distribution
 
                          
          Variable        -0.044     0                         0.1212

          reticph(11)     |        **|                              |
          reticph(12)     |          |*****                         |


                          Maximum Likelihood Estimates

              SSE     0.59774332    DFE                        267
              MSE        0.00224    Root MSE               0.04732
              SBC     -829.28448    AIC                 -879.97009
              MAE     0.03561399    AICC                -878.39114
              MAPE     0.5418135    HQC                 -859.63081
                                    Regress R-Square        0.0892
                                    Total R-Square          0.9026


                    Autoregressive parameters assumed given
 
                                          Standard                 Approx
      Variable        DF     Estimate        Error    t Value    Pr > |t|

      Intercept        1       4.2989       0.6266       6.86      <.0001
      reticph**0       1       0.0981       0.0264       3.72      0.0002
      reticph**1       1      -0.0467       0.0268      -1.74      0.0829
      reticph**2       1       0.0275       0.0438       0.63      0.5306
      reticph**3       1      -0.0755       0.0508      -1.49      0.1379
      reticph**4       1       0.0381       0.0487       0.78      0.4343
      reticph**5       1       0.1189       0.0531       2.24      0.0260
      reticph**6       0            0            .        .         .    
      reticph**7       0            0            .        .         .    
      reticph**8       0            0            .        .         .    
      reticph**9       0            0            .        .         .    
      reticph**10      0            0            .        .         .    


                          Rumen pH Prediction - PDLREG                        26
                                                   09:17 Tuesday, April 28, 2015

                              The PDLREG Procedure

------------------------------- animal=52 day=1 --------------------------------

                          Estimate of Lag Distribution
 
                                         Standard                 Approx
        Variable            Estimate        Error    t Value    Pr > |t|

        reticph(0)          0.077468       0.0461       1.68      0.0938
        reticph(1)          0.091484       0.0306       2.99      0.0031
        reticph(2)          0.036492       0.0274       1.33      0.1841
        reticph(3)         -0.015265       0.0215      -0.71      0.4792
        reticph(4)         -0.031801       0.0235      -1.35      0.1774
        reticph(5)         -0.010816       0.0223      -0.49      0.6277
        reticph(6)          0.030887       0.0198       1.56      0.1201
        reticph(7)          0.067972       0.0223       3.05      0.0025
        reticph(8)          0.077150       0.0235       3.28      0.0012
        reticph(9)          0.047756       0.0216       2.21      0.0280
        reticph(10)        -0.007675       0.0276      -0.28      0.7809
        reticph(11)        -0.042835       0.0309      -1.39      0.1668
        reticph(12)         0.032940       0.0464       0.71      0.4783

                         Estimate of Lag Distribution
 
                          
          Variable        -0.043       0                       0.0915

          reticph(0)      |            |************************    |
          reticph(1)      |            |****************************|
          reticph(2)      |            |***********                 |
          reticph(3)      |        ****|                            |
          reticph(4)      |   *********|                            |
          reticph(5)      |          **|                            |
          reticph(6)      |            |**********                  |
          reticph(7)      |            |*********************       |
          reticph(8)      |            |************************    |
          reticph(9)      |            |***************             |
          reticph(10)     |           *|                            |
          reticph(11)     |************|                            |
          reticph(12)     |            |**********                  |


                          Maximum Likelihood Estimates

              SSE      0.6089558    DFE                        268
              MSE        0.00227    Root MSE               0.04767
              SBC     -824.15522    AIC                 -874.84084
              MAE     0.03561399    AICC                 -873.2678
              MAPE     0.5418135    HQC                 -854.50155
                                    Regress R-Square        0.0721
                                    Total R-Square          0.9008
                          Rumen pH Prediction - PDLREG                        27
                                                   09:17 Tuesday, April 28, 2015

                              The PDLREG Procedure

------------------------------- animal=52 day=1 --------------------------------

                    Autoregressive parameters assumed given
 
                                          Standard                 Approx
      Variable        DF     Estimate        Error    t Value    Pr > |t|

      Intercept        1       4.2971       0.6313       6.81      <.0001
      reticph**0       1       0.0982       0.0266       3.69      0.0003
      reticph**1       1      -0.0500       0.0270      -1.85      0.0650
      reticph**2       1       0.0277       0.0441       0.63      0.5301
      reticph**3       1      -0.0911       0.0507      -1.80      0.0732
      reticph**4       1       0.0379       0.0491       0.77      0.4402
      reticph**5       0            0            .        .         .    
      reticph**6       0            0            .        .         .    
      reticph**7       0            0            .        .         .    
      reticph**8       0            0            .        .         .    
      reticph**9       0            0            .        .         .    
      reticph**10      0            0            .        .         .    


                          Estimate of Lag Distribution
 
                                         Standard                 Approx
        Variable            Estimate        Error    t Value    Pr > |t|

        reticph(0)          0.119400       0.0424       2.82      0.0052
        reticph(1)          0.042981       0.0218       1.97      0.0499
        reticph(2)          0.006476       0.0241       0.27      0.7881
        reticph(3)         -0.003082       0.0210      -0.15      0.8834
        reticph(4)          0.003373       0.0176       0.19      0.8483
        reticph(5)          0.016943       0.0186       0.91      0.3642
        reticph(6)          0.030766       0.0200       1.54      0.1243
        reticph(7)          0.040013       0.0186       2.15      0.0325
        reticph(8)          0.041893       0.0176       2.38      0.0182
        reticph(9)          0.035649       0.0211       1.69      0.0920
        reticph(10)         0.022558       0.0242       0.93      0.3523

                         Estimate of Lag Distribution
 
                          
          Variable        -0.009                               0.1194

          reticph(0)      |  |**************************************|
          reticph(1)      |  |**************                        |
          reticph(2)      |  |**                                    |
          reticph(3)      |  |                                      |
          reticph(4)      |  |*                                     |
          reticph(5)      |  |*****                                 |
          reticph(6)      |  |**********                            |
          reticph(7)      |  |*************                         |
          reticph(8)      |  |*************                         |
          reticph(9)      |  |***********                           |
          reticph(10)     |  |*******                               |
                          Rumen pH Prediction - PDLREG                        28
                                                   09:17 Tuesday, April 28, 2015

                              The PDLREG Procedure

------------------------------- animal=52 day=1 --------------------------------

                          Estimate of Lag Distribution
 
                                         Standard                 Approx
        Variable            Estimate        Error    t Value    Pr > |t|

        reticph(11)         0.005934       0.0221       0.27      0.7883
        reticph(12)        -0.008874       0.0428      -0.21      0.8358

                         Estimate of Lag Distribution
 
                          
          Variable        -0.009                               0.1194

          reticph(11)     |  |**                                    |
          reticph(12)     |**|                                      |


                          Maximum Likelihood Estimates

              SSE     0.61031372    DFE                        269
              MSE        0.00227    Root MSE               0.04763
              SBC     -823.54045    AIC                 -874.22606
              MAE     0.03561399    AICC                 -872.6589
              MAPE     0.5418135    HQC                 -853.88678
                                    Regress R-Square        0.0700
                                    Total R-Square          0.9006


                    Autoregressive parameters assumed given
 
                                          Standard                 Approx
      Variable        DF     Estimate        Error    t Value    Pr > |t|

      Intercept        1       4.2935       0.6308       6.81      <.0001
      reticph**0       1       0.0983       0.0266       3.70      0.0003
      reticph**1       1      -0.0498       0.0270      -1.85      0.0655
      reticph**2       1       0.0266       0.0441       0.60      0.5462
      reticph**3       1      -0.0912       0.0506      -1.80      0.0727
      reticph**4       0            0            .        .         .    
      reticph**5       0            0            .        .         .    
      reticph**6       0            0            .        .         .    
      reticph**7       0            0            .        .         .    
      reticph**8       0            0            .        .         .    
      reticph**9       0            0            .        .         .    
      reticph**10      0            0            .        .         .    


                          Rumen pH Prediction - PDLREG                        29
                                                   09:17 Tuesday, April 28, 2015

                              The PDLREG Procedure

------------------------------- animal=52 day=1 --------------------------------

                          Estimate of Lag Distribution
 
                                         Standard                 Approx
        Variable            Estimate        Error    t Value    Pr > |t|

        reticph(0)          0.104494       0.0377       2.77      0.0060
        reticph(1)          0.052292       0.0182       2.88      0.0044
        reticph(2)          0.020354       0.0160       1.27      0.2052
        reticph(3)          0.004865       0.0183       0.27      0.7905
        reticph(4)          0.002010       0.0175       0.11      0.9088
        reticph(5)          0.007975       0.0146       0.55      0.5848
        reticph(6)          0.018944       0.0128       1.48      0.1403
        reticph(7)          0.031103       0.0146       2.13      0.0341
        reticph(8)          0.040638       0.0175       2.32      0.0213
        reticph(9)          0.043733       0.0183       2.39      0.0175
        reticph(10)         0.036574       0.0160       2.28      0.0233
        reticph(11)         0.015346       0.0184       0.83      0.4049
        reticph(12)        -0.023766       0.0382      -0.62      0.5340

                         Estimate of Lag Distribution
 
                          
          Variable        -0.024  0                            0.1045

          reticph(0)      |       |*********************************|
          reticph(1)      |       |****************                 |
          reticph(2)      |       |******                           |
          reticph(3)      |       |*                                |
          reticph(4)      |       |                                 |
          reticph(5)      |       |**                               |
          reticph(6)      |       |******                           |
          reticph(7)      |       |**********                       |
          reticph(8)      |       |*************                    |
          reticph(9)      |       |**************                   |
          reticph(10)     |       |***********                      |
          reticph(11)     |       |*****                            |
          reticph(12)     |*******|                                 |


                          Maximum Likelihood Estimates

              SSE     0.61768163    DFE                        270
              MSE        0.00229    Root MSE               0.04783
              SBC     -820.22844    AIC                 -870.91405
              MAE     0.03561399    AICC                -869.35271
              MAPE     0.5418135    HQC                 -850.57477
                                    Regress R-Square        0.0588
                                    Total R-Square          0.8994
                          Rumen pH Prediction - PDLREG                        30
                                                   09:17 Tuesday, April 28, 2015

                              The PDLREG Procedure

------------------------------- animal=52 day=1 --------------------------------

                    Autoregressive parameters assumed given
 
                                          Standard                 Approx
      Variable        DF     Estimate        Error    t Value    Pr > |t|

      Intercept        1       4.2881       0.6334       6.77      <.0001
      reticph**0       1       0.0985       0.0267       3.69      0.0003
      reticph**1       1      -0.0408       0.0266      -1.53      0.1265
      reticph**2       1       0.0271       0.0442       0.61      0.5400
      reticph**3       0            0            .        .         .    
      reticph**4       0            0            .        .         .    
      reticph**5       0            0            .        .         .    
      reticph**6       0            0            .        .         .    
      reticph**7       0            0            .        .         .    
      reticph**8       0            0            .        .         .    
      reticph**9       0            0            .        .         .    
      reticph**10      0            0            .        .         .    


                          Estimate of Lag Distribution
 
                                         Standard                 Approx
        Variable            Estimate        Error    t Value    Pr > |t|

        reticph(0)          0.058808       0.0281       2.10      0.0371
        reticph(1)          0.049111       0.0182       2.70      0.0073
        reticph(2)          0.040629       0.0115       3.55      0.0005
        reticph(3)          0.033360     0.009242       3.61      0.0004
        reticph(4)          0.027305       0.0105       2.59      0.0100
        reticph(5)          0.022463       0.0122       1.84      0.0669
        reticph(6)          0.018834       0.0129       1.46      0.1442
        reticph(7)          0.016420       0.0122       1.35      0.1785
        reticph(8)          0.015219       0.0105       1.45      0.1471
        reticph(9)          0.015231     0.009219       1.65      0.0997
        reticph(10)         0.016457       0.0116       1.42      0.1554

                         Estimate of Lag Distribution
 
                          
          Variable        0                                    0.0588

          reticph(0)      |*****************************************|
          reticph(1)      |**********************************       |
          reticph(2)      |****************************             |
          reticph(3)      |***********************                  |
          reticph(4)      |*******************                      |
          reticph(5)      |****************                         |
          reticph(6)      |*************                            |
          reticph(7)      |***********                              |
          reticph(8)      |***********                              |
          reticph(9)      |***********                              |
          reticph(10)     |***********                              |
                          Rumen pH Prediction - PDLREG                        31
                                                   09:17 Tuesday, April 28, 2015

                              The PDLREG Procedure

------------------------------- animal=52 day=1 --------------------------------

                          Estimate of Lag Distribution
 
                                         Standard                 Approx
        Variable            Estimate        Error    t Value    Pr > |t|

        reticph(11)         0.018896       0.0184       1.03      0.3044
        reticph(12)         0.022549       0.0283       0.80      0.4267

                         Estimate of Lag Distribution
 
                          
          Variable        0                                    0.0588

          reticph(11)     |*************                            |
          reticph(12)     |****************                         |


                          Maximum Likelihood Estimates

              SSE     0.61854298    DFE                        271
              MSE        0.00228    Root MSE               0.04777
              SBC     -819.84383    AIC                 -870.52944
              MAE     0.03561399    AICC                -868.97389
              MAPE     0.5418135    HQC                 -850.19016
                                    Regress R-Square        0.0575
                                    Total R-Square          0.8992


                    Autoregressive parameters assumed given
 
                                          Standard                 Approx
      Variable        DF     Estimate        Error    t Value    Pr > |t|

      Intercept        1       4.4415       0.5813       7.64      <.0001
      reticph**0       1       0.0921       0.0245       3.76      0.0002
      reticph**1       1      -0.0410       0.0266      -1.54      0.1241
      reticph**2       0            0            .        .         .    
      reticph**3       0            0            .        .         .    
      reticph**4       0            0            .        .         .    
      reticph**5       0            0            .        .         .    
      reticph**6       0            0            .        .         .    
      reticph**7       0            0            .        .         .    
      reticph**8       0            0            .        .         .    
      reticph**9       0            0            .        .         .    
      reticph**10      0            0            .        .         .    


                          Rumen pH Prediction - PDLREG                        32
                                                   09:17 Tuesday, April 28, 2015

                              The PDLREG Procedure

------------------------------- animal=52 day=1 --------------------------------

                          Estimate of Lag Distribution
 
                                         Standard                 Approx
        Variable            Estimate        Error    t Value    Pr > |t|

        reticph(0)          0.043752       0.0136       3.21      0.0015
        reticph(1)          0.040716       0.0120       3.41      0.0008
        reticph(2)          0.037679       0.0104       3.63      0.0003
        reticph(3)          0.034643     0.008992       3.85      0.0001
        reticph(4)          0.031607     0.007843       4.03      <.0001
        reticph(5)          0.028570     0.007064       4.04      <.0001
        reticph(6)          0.025534     0.006787       3.76      0.0002
        reticph(7)          0.022498     0.007068       3.18      0.0016
        reticph(8)          0.019461     0.007849       2.48      0.0138
        reticph(9)          0.016425     0.009001       1.82      0.0691
        reticph(10)         0.013389       0.0104       1.29      0.1991
        reticph(11)         0.010352       0.0120       0.87      0.3875
        reticph(12)         0.007316       0.0136       0.54      0.5918

                         Estimate of Lag Distribution
 
                          
          Variable        0                                    0.0438

          reticph(0)      |*****************************************|
          reticph(1)      |**************************************   |
          reticph(2)      |***********************************      |
          reticph(3)      |********************************         |
          reticph(4)      |******************************           |
          reticph(5)      |***************************              |
          reticph(6)      |************************                 |
          reticph(7)      |*********************                    |
          reticph(8)      |******************                       |
          reticph(9)      |***************                          |
          reticph(10)     |*************                            |
          reticph(11)     |**********                               |
          reticph(12)     |*******                                  |
